<?xml version="1.0" encoding="UTF-8"?>
<!-- Generated by org.testng.reporters.JUnitReportReporter -->
<testsuite hostname="inbl01lap05547" failures="0" tests="1" name="testcases.CreatLead" time="26.152" errors="0" timestamp="2023-06-24T23:32:04 IST" skipped="0">
  <testcase classname="testcases.CreatLead" name="runCreatLead" time="26.152"/>
  <system-out/>
</testsuite> <!-- testcases.CreatLead -->
