<?xml version="1.0" encoding="UTF-8"?>
<!-- Generated by org.testng.reporters.JUnitReportReporter -->
<testsuite hostname="inbl01lap05547" failures="0" tests="1" name="testcases.LoginAndLogout" time="7.079" errors="0" timestamp="2023-06-24T23:32:04 IST" skipped="0">
  <testcase classname="testcases.LoginAndLogout" name="runLogin" time="7.079"/>
  <system-out/>
</testsuite> <!-- testcases.LoginAndLogout -->
